<?xml version="1.0" encoding="UTF-8"?>
<!-- Generated by org.testng.reporters.JUnitReportReporter -->
<testsuite hostname="JAI" failures="0" tests="6" name="Test_Case.Test_Case_Result_BestShopping" time="20.765" errors="0" timestamp="2024-08-12T22:03:34 IST" skipped="0">
  <testcase classname="Test_Case.Test_Case_Result_BestShopping" name="Amazon_login" time="6.862"/>
  <testcase classname="Test_Case.Test_Case_Result_BestShopping" name="SearchProduct" time="1.544"/>
  <testcase classname="Test_Case.Test_Case_Result_BestShopping" name="Select_Macbook" time="7.018"/>
  <testcase classname="Test_Case.Test_Case_Result_BestShopping" name="FlipKart_SearchProduct" time="5.208"/>
  <testcase classname="Test_Case.Test_Case_Result_BestShopping" name="Extract_ProductDetails" time="0.129"/>
  <testcase classname="Test_Case.Test_Case_Result_BestShopping" name="Compare_price" time="0.004"/>
</testsuite> <!-- Test_Case.Test_Case_Result_BestShopping -->
