<?xml version="1.0" encoding="UTF-8"?>
<!-- Generated by org.testng.reporters.JUnitReportReporter -->
<testsuite hostname="JAI" failures="0" tests="5" name="Test_Case.flipkart_SerachProduct" time="19.879" errors="0" timestamp="2024-08-11T19:37:05 IST" skipped="0">
  <testcase classname="Test_Case.flipkart_SerachProduct" name="Amazon_login" time="5.771"/>
  <testcase classname="Test_Case.flipkart_SerachProduct" name="SearchProduct" time="2.304"/>
  <testcase classname="Test_Case.flipkart_SerachProduct" name="Select_Macbook" time="6.970"/>
  <testcase classname="Test_Case.flipkart_SerachProduct" name="Flipkart_login" time="4.825"/>
  <testcase classname="Test_Case.flipkart_SerachProduct" name="flipkart_SearchProduct" time="0.009"/>
</testsuite> <!-- Test_Case.flipkart_SerachProduct -->
