<?xml version="1.0" encoding="UTF-8"?>
<!-- Generated by org.testng.reporters.JUnitReportReporter -->
<testsuite hostname="JAI" failures="0" tests="3" name="Test_Case.Amazon_SearchAllProduct" time="25.055" errors="0" timestamp="2024-08-11T20:10:16 IST" skipped="0">
  <testcase classname="Test_Case.Amazon_SearchAllProduct" name="Amazon_login" time="11.162"/>
  <testcase classname="Test_Case.Amazon_SearchAllProduct" name="SearchProduct" time="3.320"/>
  <testcase classname="Test_Case.Amazon_SearchAllProduct" name="Select_Macbook" time="10.573"/>
</testsuite> <!-- Test_Case.Amazon_SearchAllProduct -->
