<?xml version="1.0" encoding="UTF-8"?>
<!-- Generated by org.testng.reporters.JUnitReportReporter -->
<testsuite hostname="JAI" failures="0" tests="5" name="Test_Case.Test_Case_Flipkart" time="58.904" errors="0" timestamp="2024-08-11T20:50:42 IST" skipped="0">
  <testcase classname="Test_Case.Test_Case_Flipkart" name="Amazon_login" time="7.652"/>
  <testcase classname="Test_Case.Test_Case_Flipkart" name="SearchProduct" time="7.382"/>
  <testcase classname="Test_Case.Test_Case_Flipkart" name="Select_Macbook" time="38.640"/>
  <testcase classname="Test_Case.Test_Case_Flipkart" name="FlipKart_SearchProduct" time="5.168"/>
  <testcase classname="Test_Case.Test_Case_Flipkart" name="Extract_ProductDetails" time="0.062"/>
</testsuite> <!-- Test_Case.Test_Case_Flipkart -->
